{
  "stats": {
    "suites": 1,
    "tests": 1,
    "passes": 0,
    "pending": 0,
    "failures": 1,
    "start": "2025-06-24T19:05:36.685Z",
    "end": "2025-06-24T19:05:44.008Z",
    "duration": 7323,
    "testsRegistered": 1,
    "passPercent": 0,
    "pendingPercent": 0,
    "other": 0,
    "hasOther": false,
    "skipped": 0,
    "hasSkipped": false
  },
  "results": [
    {
      "uuid": "aa0cc230-c3de-4173-83eb-88b0bee92895",
      "title": "",
      "fullFile": "cypress\\e2e\\spec.cy.ts",
      "file": "cypress\\e2e\\spec.cy.ts",
      "beforeHooks": [],
      "afterHooks": [],
      "tests": [],
      "suites": [
        {
          "uuid": "c1ab971e-bf97-4006-9c3c-2f509789ee5e",
          "title": "Flujo completo: Login, buscar paciente, vincular y logout",
          "fullFile": "",
          "file": "",
          "beforeHooks": [],
          "afterHooks": [],
          "tests": [
            {
              "title": "Realiza el flujo completo correctamente",
              "fullTitle": "Flujo completo: Login, buscar paciente, vincular y logout Realiza el flujo completo correctamente",
              "timedOut": null,
              "duration": 4712,
              "state": "failed",
              "speed": null,
              "pass": false,
              "fail": true,
              "pending": false,
              "context": null,
              "code": "cy.visit('http://localhost:3000/login');\ncy.get('#email').type('pablo2@correo.com');\ncy.get('#password').type('12345678');\ncy.get('.from-\\\\[\\\\#4AFF50\\\\]').click();\ncy.get('body').click();\ncy.get(':nth-child(3) > .flex').click();\ncy.get('.fixed').click();\ncy.get('.bg-neutral-900 > .flex > .p-2').type('Paciente');\ncy.get('.bg-\\\\[\\\\#4AFF50\\\\]').click();\ncy.get('button.text-white.rounded-md.font-bold').click();\ncy.on('window:alert', (txt) => {\n    expect(txt).to.contains('Paciente vinculado correctamente');\n});\ncy.get('.flex > .bg-green-500').click();\ncy.get('.space-x-4 > .cursor-pointer').click();",
              "err": {
                "message": "CypressError: `cy.click()` can only be called on a single element. Your subject contained 4 elements. Pass `{ multiple: true }` if you want to serially click each element.\n\nhttps://on.cypress.io/click",
                "estack": "CypressError: `cy.click()` can only be called on a single element. Your subject contained 4 elements. Pass `{ multiple: true }` if you want to serially click each element.\n\nhttps://on.cypress.io/click\n    at mouseAction (http://localhost:3000/__cypress/runner/cypress_runner.js:113972:68)\n    at Context.click (http://localhost:3000/__cypress/runner/cypress_runner.js:114139:14)\n    at wrapped (http://localhost:3000/__cypress/runner/cypress_runner.js:141524:19)\nFrom Your Spec Code:\n    at Object.proxyGetter [as get] (http://localhost:3000/__cypress/runner/cypress_runner.js:80289:22)\n    at exists (http://localhost:3000/__cypress/runner/cypress_runner.js:146379:26)\n    at elExists (http://localhost:3000/__cypress/runner/cypress_runner.js:146394:10)\n    at ensureExistence (http://localhost:3000/__cypress/runner/cypress_runner.js:146575:22)\n    at onFailFn (http://localhost:3000/__cypress/runner/cypress_runner.js:146604:53)",
                "diff": null
              },
              "uuid": "31fbae43-687f-4f73-ae90-0a1555e93b47",
              "parentUUID": "c1ab971e-bf97-4006-9c3c-2f509789ee5e",
              "isHook": false,
              "skipped": false
            }
          ],
          "suites": [],
          "passes": [],
          "failures": [
            "31fbae43-687f-4f73-ae90-0a1555e93b47"
          ],
          "pending": [],
          "skipped": [],
          "duration": 4712,
          "root": false,
          "rootEmpty": false,
          "_timeout": 2000
        }
      ],
      "passes": [],
      "failures": [],
      "pending": [],
      "skipped": [],
      "duration": 0,
      "root": true,
      "rootEmpty": true,
      "_timeout": 2000
    }
  ],
  "meta": {
    "mocha": {
      "version": "7.2.0"
    },
    "mochawesome": {
      "options": {
        "quiet": false,
        "reportFilename": "mochawesome",
        "saveHtml": true,
        "saveJson": true,
        "consoleReporter": "spec",
        "useInlineDiffs": false,
        "code": true
      },
      "version": "7.1.3"
    },
    "marge": {
      "options": {
        "reportDir": "cypress/reports",
        "overwrite": false,
        "html": true,
        "json": true
      },
      "version": "6.2.0"
    }
  }
}