{
  "stats": {
    "suites": 1,
    "tests": 1,
    "passes": 1,
    "pending": 0,
    "failures": 0,
    "start": "2025-06-23T22:14:29.583Z",
    "end": "2025-06-23T22:14:38.409Z",
    "duration": 8826,
    "testsRegistered": 1,
    "passPercent": 100,
    "pendingPercent": 0,
    "other": 0,
    "hasOther": false,
    "skipped": 0,
    "hasSkipped": false
  },
  "results": [
    {
      "uuid": "874e5a86-2ce7-43f0-b219-c7e6caf991a6",
      "title": "",
      "fullFile": "cypress\\e2e\\spec.cy.ts",
      "file": "cypress\\e2e\\spec.cy.ts",
      "beforeHooks": [],
      "afterHooks": [],
      "tests": [],
      "suites": [
        {
          "uuid": "19460978-9073-4d22-ae35-94e269aa7dbd",
          "title": "Flujo completo: Login, buscar paciente, vincular y logout",
          "fullFile": "",
          "file": "",
          "beforeHooks": [],
          "afterHooks": [],
          "tests": [
            {
              "title": "Realiza el flujo completo correctamente",
              "fullTitle": "Flujo completo: Login, buscar paciente, vincular y logout Realiza el flujo completo correctamente",
              "timedOut": null,
              "duration": 6386,
              "state": "passed",
              "speed": "medium",
              "pass": true,
              "fail": false,
              "pending": false,
              "context": null,
              "code": "cy.visit('http://localhost:3000/login');\ncy.get('#email').type('pablo2@correo.com');\ncy.get('#password').type('12345678');\ncy.get('.from-\\\\[\\\\#4AFF50\\\\]').click();\ncy.get('body').click();\ncy.get(':nth-child(3) > .flex').click();\ncy.get('.fixed').click();\ncy.get('.bg-neutral-900 > .flex > .p-2').type('Paciente');\ncy.get('.bg-\\\\[\\\\#4AFF50\\\\]').click();\ncy.get('button.text-white.rounded-md.font-bold').click();\ncy.on('window:alert', (txt) => {\n    expect(txt).to.contains('Paciente vinculado correctamente');\n});\ncy.get('.flex > .bg-green-500').click();\ncy.get('.space-x-4 > .cursor-pointer').click();",
              "err": {},
              "uuid": "69e1268f-feb2-4fc9-9896-790558179fd2",
              "parentUUID": "19460978-9073-4d22-ae35-94e269aa7dbd",
              "isHook": false,
              "skipped": false
            }
          ],
          "suites": [],
          "passes": [
            "69e1268f-feb2-4fc9-9896-790558179fd2"
          ],
          "failures": [],
          "pending": [],
          "skipped": [],
          "duration": 6386,
          "root": false,
          "rootEmpty": false,
          "_timeout": 2000
        }
      ],
      "passes": [],
      "failures": [],
      "pending": [],
      "skipped": [],
      "duration": 0,
      "root": true,
      "rootEmpty": true,
      "_timeout": 2000
    }
  ],
  "meta": {
    "mocha": {
      "version": "7.2.0"
    },
    "mochawesome": {
      "options": {
        "quiet": false,
        "reportFilename": "mochawesome",
        "saveHtml": true,
        "saveJson": true,
        "consoleReporter": "spec",
        "useInlineDiffs": false,
        "code": true
      },
      "version": "7.1.3"
    },
    "marge": {
      "options": {
        "reportDir": "cypress/reports",
        "overwrite": false,
        "html": true,
        "json": true
      },
      "version": "6.2.0"
    }
  }
}