{
  "stats": {
    "suites": 1,
    "tests": 1,
    "passes": 0,
    "pending": 0,
    "failures": 1,
    "start": "2025-06-23T21:36:10.294Z",
    "end": "2025-06-23T21:36:40.774Z",
    "duration": 30480,
    "testsRegistered": 1,
    "passPercent": 0,
    "pendingPercent": 0,
    "other": 0,
    "hasOther": false,
    "skipped": 0,
    "hasSkipped": false
  },
  "results": [
    {
      "uuid": "1ac63f81-b995-4710-8f2a-32c349452488",
      "title": "",
      "fullFile": "cypress\\e2e\\spec.cy.ts",
      "file": "cypress\\e2e\\spec.cy.ts",
      "beforeHooks": [],
      "afterHooks": [],
      "tests": [],
      "suites": [
        {
          "uuid": "e93729fb-0a93-4e78-800c-63b05a75e963",
          "title": "Flujo completo: Login, buscar paciente, vincular y logout",
          "fullFile": "",
          "file": "",
          "beforeHooks": [],
          "afterHooks": [],
          "tests": [
            {
              "title": "Realiza el flujo completo correctamente",
              "fullTitle": "Flujo completo: Login, buscar paciente, vincular y logout Realiza el flujo completo correctamente",
              "timedOut": null,
              "duration": 30404,
              "state": "failed",
              "speed": null,
              "pass": false,
              "fail": true,
              "pending": false,
              "context": null,
              "code": "cy.visit('http://localhost:3000/login');\ncy.get('#email').type('pablo2@correo.com');\ncy.get('#password').type('12345678');\ncy.get('.from-\\\\[\\\\#4AFF50\\\\]').click();\ncy.get('body').click();\ncy.get(':nth-child(3) > .flex').click();\ncy.get('.fixed').click();\ncy.get('.bg-neutral-900 > .flex > .p-2').type('Paciente');\ncy.get('.bg-\\\\[\\\\#4AFF50\\\\]').click();\ncy.get('button.text-white.rounded-md.font-bold').click();\ncy.get('.flex > .bg-green-500').click();\ncy.get('.space-x-4 > .cursor-pointer').click();",
              "err": {
                "message": "CypressError: `cy.visit()` failed trying to load:\n\nhttp://localhost:3000/login\n\nWe attempted to make an http request to this URL but the request failed without a response.\n\nWe received this error at the network level:\n\n  > Error: ESOCKETTIMEDOUT\n\nCommon situations why this would fail:\n  - you don't have internet access\n  - you forgot to run / boot your web server\n  - your web server isn't accessible\n  - you have weird network configuration settings on your computer",
                "estack": "CypressError: `cy.visit()` failed trying to load:\n\nhttp://localhost:3000/login\n\nWe attempted to make an http request to this URL but the request failed without a response.\n\nWe received this error at the network level:\n\n  > Error: ESOCKETTIMEDOUT\n\nCommon situations why this would fail:\n  - you don't have internet access\n  - you forgot to run / boot your web server\n  - your web server isn't accessible\n  - you have weird network configuration settings on your computer\n    at <unknown> (http://localhost:58282/__cypress/runner/cypress_runner.js:135051:74)\n    at visitFailedByErr (http://localhost:58282/__cypress/runner/cypress_runner.js:134441:12)\n    at <unknown> (http://localhost:58282/__cypress/runner/cypress_runner.js:135050:11)\n    at tryCatcher (http://localhost:58282/__cypress/runner/cypress_runner.js:1777:23)\n    at Promise._settlePromiseFromHandler (http://localhost:58282/__cypress/runner/cypress_runner.js:1489:31)\n    at Promise._settlePromise (http://localhost:58282/__cypress/runner/cypress_runner.js:1546:18)\n    at Promise._settlePromise0 (http://localhost:58282/__cypress/runner/cypress_runner.js:1591:10)\n    at Promise._settlePromises (http://localhost:58282/__cypress/runner/cypress_runner.js:1667:18)\n    at _drainQueueStep (http://localhost:58282/__cypress/runner/cypress_runner.js:2377:12)\n    at _drainQueue (http://localhost:58282/__cypress/runner/cypress_runner.js:2370:9)\n    at Async._drainQueues (http://localhost:58282/__cypress/runner/cypress_runner.js:2386:5)\n    at Async.drainQueues (http://localhost:58282/__cypress/runner/cypress_runner.js:2256:14)\nFrom Your Spec Code:\n    at Context.eval (webpack://nutricheck-front/./cypress/e2e/spec.cy.ts:3:7)\n\nFrom Node.js Internals:\n  Error: ESOCKETTIMEDOUT\n      at ClientRequest.<anonymous> (<embedded>:290:113952)\n      at Object.onceWrapper (node:events:632:28)\n      at ClientRequest.emit (node:events:518:28)\n      at Socket.emitRequestTimeout (node:_http_client:849:9)\n      at Object.onceWrapper (node:events:632:28)\n      at Socket.emit (node:events:530:35)\n      at Socket._onTimeout (node:net:595:8)\n      at listOnTimeout (node:internal/timers:581:17)\n      at process.processTimers (node:internal/timers:519:7)",
                "diff": null
              },
              "uuid": "b023d633-da81-4690-9c2a-e0aa9ae4a7bb",
              "parentUUID": "e93729fb-0a93-4e78-800c-63b05a75e963",
              "isHook": false,
              "skipped": false
            }
          ],
          "suites": [],
          "passes": [],
          "failures": [
            "b023d633-da81-4690-9c2a-e0aa9ae4a7bb"
          ],
          "pending": [],
          "skipped": [],
          "duration": 30404,
          "root": false,
          "rootEmpty": false,
          "_timeout": 2000
        }
      ],
      "passes": [],
      "failures": [],
      "pending": [],
      "skipped": [],
      "duration": 0,
      "root": true,
      "rootEmpty": true,
      "_timeout": 2000
    }
  ],
  "meta": {
    "mocha": {
      "version": "7.2.0"
    },
    "mochawesome": {
      "options": {
        "quiet": false,
        "reportFilename": "mochawesome",
        "saveHtml": true,
        "saveJson": true,
        "consoleReporter": "spec",
        "useInlineDiffs": false,
        "code": true
      },
      "version": "7.1.3"
    },
    "marge": {
      "options": null,
      "version": "6.2.0"
    }
  }
}